Grammar

    0 $accept: Program $end

    1 @1: /* empty */

    2 Program: @1 GlobalStmtList
    3        | /* empty */

    4 GlobalStmtList: GlobalStmtList GlobalStmt
    5               | GlobalStmt

    6 GlobalStmt: DefineVariableStmt ';'
    7           | FunctionDefStmt

    8 DefineVariableStmt: VARIABLE_T DefineVariableList

    9 DefineVariableList: DefineVariableList ',' DefineVariable
   10                   | DefineVariable

   11 DefineVariable: IDENT
   12               | IDENT VAL_ASSIGN Expression
   13               | IDENT '[' Literal ']'

   14 @2: /* empty */

   15 DefineVariable: IDENT '[' Literal ']' @2 VAL_ASSIGN '{' ExpList '}'
   16               | IDENT '[' Literal ']' '[' Literal ']'

   17 @3: /* empty */

   18 @4: /* empty */

   19 FunctionDefStmt: VARIABLE_T IDENT '(' @3 FunctionParameterStmtList ')' @4 '{' StmtList '}'

   20 FunctionParameterStmtList: FunctionParameterStmtList ',' FunctionParameterStmt
   21                          | FunctionParameterStmt
   22                          | /* empty */

   23 FunctionParameterStmt: VARIABLE_T IDENT
   24                      | VARIABLE_T IDENT '[' ']'

   25 StmtList: StmtList Stmt
   26         | Stmt

   27 Stmt: ';'
   28     | COUT CoutParmListStmt ';'
   29     | RETURN Expression ';'
   30     | RETURN ';'
   31     | BREAK ';'
   32     | CONTINUE ';'
   33     | DefineVariableStmt ';'
   34     | AssignStmt ';'
   35     | FuncCallStmt ';'
   36     | IfStmt
   37     | ForStmt
   38     | WhileStmt

   39 CoutParmListStmt: CoutParmListStmt SHL Expression
   40                 | SHL Expression

   41 @5: /* empty */

   42 @6: /* empty */

   43 IfStmt: IF '(' Expression ')' @5 '{' StmtList '}' @6 ElseStmt

   44 @7: /* empty */

   45 IfStmt: IF '(' Expression ')' @7 Stmt

   46 @8: /* empty */

   47 ElseStmt: ELSE @8 '{' StmtList '}'
   48         | /* empty */

   49 @9: /* empty */

   50 ForStmt: FOR @9 '(' ForInitStmt ')' '{' StmtList '}'

   51 ForInitStmt: DefineVariableStmt ':' Expression
   52            | ForCondStmt ';' Expression ';' ForUpdateStmt

   53 ForCondStmt: DefineVariableStmt
   54            | AssignStmt
   55            | /* empty */

   56 ForUpdateStmt: AssignStmt
   57              | /* empty */

   58 @10: /* empty */

   59 @11: /* empty */

   60 WhileStmt: WHILE @10 '(' Expression ')' @11 '{' StmtList '}'

   61 AssignStmt: IdentExp VAL_ASSIGN Expression
   62           | IdentExp ADD_ASSIGN Expression
   63           | IdentExp SUB_ASSIGN Expression
   64           | IdentExp MUL_ASSIGN Expression
   65           | IdentExp DIV_ASSIGN Expression
   66           | IdentExp REM_ASSIGN Expression
   67           | IdentExp SHR_ASSIGN Expression
   68           | IdentExp SHL_ASSIGN Expression
   69           | IdentExp BAN_ASSIGN Expression
   70           | IdentExp BOR_ASSIGN Expression
   71           | IdentExp BXO_ASSIGN Expression
   72           | IdentExp INC_ASSIGN
   73           | IdentExp DEC_ASSIGN

   74 ExpList: ExpList ',' Expression
   75        | Expression
   76        | /* empty */

   77 Expression: ExpHierarchy

   78 ExpHierarchy: LORExp

   79 LORExp: LORExp LOR LANExp
   80       | LANExp

   81 LANExp: LANExp LAN BORExp
   82       | BORExp

   83 BORExp: BORExp BOR BXOExp
   84       | BXOExp

   85 BXOExp: BXOExp BXO BANExp
   86       | BANExp

   87 BANExp: BANExp BAN EQUExp
   88       | EQUExp

   89 EQUExp: EQUExp EQL CompareExp
   90       | EQUExp NEQ CompareExp
   91       | CompareExp

   92 CompareExp: CompareExp GTR ShiftExp
   93           | CompareExp LES ShiftExp
   94           | CompareExp GEQ ShiftExp
   95           | CompareExp LEQ ShiftExp
   96           | ShiftExp

   97 ShiftExp: ShiftExp SHR AddSubExp
   98         | AddSubExp

   99 AddSubExp: AddSubExp ADD MulExp
  100          | AddSubExp SUB MulExp
  101          | MulExp

  102 MulExp: MulExp MUL UnaryExp
  103       | MulExp DIV UnaryExp
  104       | MulExp REM UnaryExp
  105       | UnaryExp

  106 UnaryExp: NOT UnaryExp
  107         | BNT UnaryExp
  108         | SUB UnaryExp
  109         | '(' VARIABLE_T ')' UnaryExp
  110         | FuncCallStmt
  111         | Literal

  112 FuncCallStmt: IDENT '(' ExpList ')'

  113 Literal: STR_LIT
  114        | INT_LIT
  115        | FLOAT_LIT
  116        | BOOL_LIT
  117        | '(' Expression ')'
  118        | IdentExp

  119 IdentExp: IDENT
  120         | IDENT '[' Expression ']'
  121         | IDENT '[' Expression ']' '[' Expression ']'


Terminals, with rules where they appear

$end (0) 0
'(' (40) 19 43 45 50 60 109 112 117
')' (41) 19 43 45 50 60 109 112 117
',' (44) 9 20 74
':' (58) 51
';' (59) 6 27 28 29 30 31 32 33 34 35 52
'[' (91) 13 15 16 24 120 121
']' (93) 13 15 16 24 120 121
'{' (123) 15 19 43 47 50 60
'}' (125) 15 19 43 47 50 60
error (256)
COUT (258) 28
SHR (259) 97
SHL (260) 39 40
BAN (261) 87
BOR (262) 83
BNT (263) 107
BXO (264) 85
ADD (265) 99
SUB (266) 100 108
MUL (267) 102
DIV (268) 103
REM (269) 104
NOT (270) 106
GTR (271) 92
LES (272) 93
GEQ (273) 94
LEQ (274) 95
EQL (275) 89
NEQ (276) 90
LAN (277) 81
LOR (278) 79
VAL_ASSIGN (279) 12 15 61
ADD_ASSIGN (280) 62
SUB_ASSIGN (281) 63
MUL_ASSIGN (282) 64
DIV_ASSIGN (283) 65
REM_ASSIGN (284) 66
BAN_ASSIGN (285) 69
BOR_ASSIGN (286) 70
BXO_ASSIGN (287) 71
SHR_ASSIGN (288) 67
SHL_ASSIGN (289) 68
INC_ASSIGN (290) 72
DEC_ASSIGN (291) 73
IF (292) 43 45
ELSE (293) 47
FOR (294) 50
WHILE (295) 60
RETURN (296) 29 30
BREAK (297) 31
CONTINUE (298) 32
VARIABLE_T (299) 8 19 23 24 109
IDENT (300) 11 12 13 15 16 19 23 24 112 119 120 121
INT_LIT (301) 114
FLOAT_LIT (302) 115
BOOL_LIT (303) 116
STR_LIT (304) 113


Nonterminals, with rules where they appear

$accept (59)
    on left: 0
Program (60)
    on left: 2 3, on right: 0
@1 (61)
    on left: 1, on right: 2
GlobalStmtList (62)
    on left: 4 5, on right: 2 4
GlobalStmt (63)
    on left: 6 7, on right: 4 5
DefineVariableStmt (64)
    on left: 8, on right: 6 33 51 53
DefineVariableList (65)
    on left: 9 10, on right: 8 9
DefineVariable (66)
    on left: 11 12 13 15 16, on right: 9 10
@2 (67)
    on left: 14, on right: 15
FunctionDefStmt (68)
    on left: 19, on right: 7
@3 (69)
    on left: 17, on right: 19
@4 (70)
    on left: 18, on right: 19
FunctionParameterStmtList (71)
    on left: 20 21 22, on right: 19 20
FunctionParameterStmt (72)
    on left: 23 24, on right: 20 21
StmtList (73)
    on left: 25 26, on right: 19 25 43 47 50 60
Stmt (74)
    on left: 27 28 29 30 31 32 33 34 35 36 37 38, on right: 25 26 45
CoutParmListStmt (75)
    on left: 39 40, on right: 28 39
IfStmt (76)
    on left: 43 45, on right: 36
@5 (77)
    on left: 41, on right: 43
@6 (78)
    on left: 42, on right: 43
@7 (79)
    on left: 44, on right: 45
ElseStmt (80)
    on left: 47 48, on right: 43
@8 (81)
    on left: 46, on right: 47
ForStmt (82)
    on left: 50, on right: 37
@9 (83)
    on left: 49, on right: 50
ForInitStmt (84)
    on left: 51 52, on right: 50
ForCondStmt (85)
    on left: 53 54 55, on right: 52
ForUpdateStmt (86)
    on left: 56 57, on right: 52
WhileStmt (87)
    on left: 60, on right: 38
@10 (88)
    on left: 58, on right: 60
@11 (89)
    on left: 59, on right: 60
AssignStmt (90)
    on left: 61 62 63 64 65 66 67 68 69 70 71 72 73,
    on right: 34 54 56
ExpList (91)
    on left: 74 75 76, on right: 15 74 112
Expression (92)
    on left: 77, on right: 12 29 39 40 43 45 51 52 60 61 62 63 64 65
    66 67 68 69 70 71 74 75 117 120 121
ExpHierarchy (93)
    on left: 78, on right: 77
LORExp (94)
    on left: 79 80, on right: 78 79
LANExp (95)
    on left: 81 82, on right: 79 80 81
BORExp (96)
    on left: 83 84, on right: 81 82 83
BXOExp (97)
    on left: 85 86, on right: 83 84 85
BANExp (98)
    on left: 87 88, on right: 85 86 87
EQUExp (99)
    on left: 89 90 91, on right: 87 88 89 90
CompareExp (100)
    on left: 92 93 94 95 96, on right: 89 90 91 92 93 94 95
ShiftExp (101)
    on left: 97 98, on right: 92 93 94 95 96 97
AddSubExp (102)
    on left: 99 100 101, on right: 97 98 99 100
MulExp (103)
    on left: 102 103 104 105, on right: 99 100 101 102 103 104
UnaryExp (104)
    on left: 106 107 108 109 110 111, on right: 102 103 104 105 106
    107 108 109
FuncCallStmt (105)
    on left: 112, on right: 35 110
Literal (106)
    on left: 113 114 115 116 117 118, on right: 13 15 16 111
IdentExp (107)
    on left: 119 120 121, on right: 61 62 63 64 65 66 67 68 69 70 71
    72 73 118


state 0

    0 $accept: . Program $end

    $end      reduce using rule 3 (Program)
    $default  reduce using rule 1 (@1)

    Program  go to state 1
    @1       go to state 2


state 1

    0 $accept: Program . $end

    $end  shift, and go to state 3


state 2

    2 Program: @1 . GlobalStmtList

    VARIABLE_T  shift, and go to state 4

    GlobalStmtList      go to state 5
    GlobalStmt          go to state 6
    DefineVariableStmt  go to state 7
    FunctionDefStmt     go to state 8


state 3

    0 $accept: Program $end .

    $default  accept


state 4

    8 DefineVariableStmt: VARIABLE_T . DefineVariableList
   19 FunctionDefStmt: VARIABLE_T . IDENT '(' @3 FunctionParameterStmtList ')' @4 '{' StmtList '}'

    IDENT  shift, and go to state 9

    DefineVariableList  go to state 10
    DefineVariable      go to state 11


state 5

    2 Program: @1 GlobalStmtList .
    4 GlobalStmtList: GlobalStmtList . GlobalStmt

    VARIABLE_T  shift, and go to state 4

    $default  reduce using rule 2 (Program)

    GlobalStmt          go to state 12
    DefineVariableStmt  go to state 7
    FunctionDefStmt     go to state 8


state 6

    5 GlobalStmtList: GlobalStmt .

    $default  reduce using rule 5 (GlobalStmtList)


state 7

    6 GlobalStmt: DefineVariableStmt . ';'

    ';'  shift, and go to state 13


state 8

    7 GlobalStmt: FunctionDefStmt .

    $default  reduce using rule 7 (GlobalStmt)


state 9

   11 DefineVariable: IDENT .
   12               | IDENT . VAL_ASSIGN Expression
   13               | IDENT . '[' Literal ']'
   15               | IDENT . '[' Literal ']' @2 VAL_ASSIGN '{' ExpList '}'
   16               | IDENT . '[' Literal ']' '[' Literal ']'
   19 FunctionDefStmt: VARIABLE_T IDENT . '(' @3 FunctionParameterStmtList ')' @4 '{' StmtList '}'

    VAL_ASSIGN  shift, and go to state 14
    '['         shift, and go to state 15
    '('         shift, and go to state 16

    $default  reduce using rule 11 (DefineVariable)


state 10

    8 DefineVariableStmt: VARIABLE_T DefineVariableList .
    9 DefineVariableList: DefineVariableList . ',' DefineVariable

    ','  shift, and go to state 17

    $default  reduce using rule 8 (DefineVariableStmt)


state 11

   10 DefineVariableList: DefineVariable .

    $default  reduce using rule 10 (DefineVariableList)


state 12

    4 GlobalStmtList: GlobalStmtList GlobalStmt .

    $default  reduce using rule 4 (GlobalStmtList)


state 13

    6 GlobalStmt: DefineVariableStmt ';' .

    $default  reduce using rule 6 (GlobalStmt)


state 14

   12 DefineVariable: IDENT VAL_ASSIGN . Expression

    BNT        shift, and go to state 18
    SUB        shift, and go to state 19
    NOT        shift, and go to state 20
    IDENT      shift, and go to state 21
    INT_LIT    shift, and go to state 22
    FLOAT_LIT  shift, and go to state 23
    BOOL_LIT   shift, and go to state 24
    STR_LIT    shift, and go to state 25
    '('        shift, and go to state 26

    Expression    go to state 27
    ExpHierarchy  go to state 28
    LORExp        go to state 29
    LANExp        go to state 30
    BORExp        go to state 31
    BXOExp        go to state 32
    BANExp        go to state 33
    EQUExp        go to state 34
    CompareExp    go to state 35
    ShiftExp      go to state 36
    AddSubExp     go to state 37
    MulExp        go to state 38
    UnaryExp      go to state 39
    FuncCallStmt  go to state 40
    Literal       go to state 41
    IdentExp      go to state 42


state 15

   13 DefineVariable: IDENT '[' . Literal ']'
   15               | IDENT '[' . Literal ']' @2 VAL_ASSIGN '{' ExpList '}'
   16               | IDENT '[' . Literal ']' '[' Literal ']'

    IDENT      shift, and go to state 43
    INT_LIT    shift, and go to state 22
    FLOAT_LIT  shift, and go to state 23
    BOOL_LIT   shift, and go to state 24
    STR_LIT    shift, and go to state 25
    '('        shift, and go to state 44

    Literal   go to state 45
    IdentExp  go to state 42


state 16

   19 FunctionDefStmt: VARIABLE_T IDENT '(' . @3 FunctionParameterStmtList ')' @4 '{' StmtList '}'

    $default  reduce using rule 17 (@3)

    @3  go to state 46


state 17

    9 DefineVariableList: DefineVariableList ',' . DefineVariable

    IDENT  shift, and go to state 47

    DefineVariable  go to state 48


state 18

  107 UnaryExp: BNT . UnaryExp

    BNT        shift, and go to state 18
    SUB        shift, and go to state 19
    NOT        shift, and go to state 20
    IDENT      shift, and go to state 21
    INT_LIT    shift, and go to state 22
    FLOAT_LIT  shift, and go to state 23
    BOOL_LIT   shift, and go to state 24
    STR_LIT    shift, and go to state 25
    '('        shift, and go to state 26

    UnaryExp      go to state 49
    FuncCallStmt  go to state 40
    Literal       go to state 41
    IdentExp      go to state 42


state 19

  108 UnaryExp: SUB . UnaryExp

    BNT        shift, and go to state 18
    SUB        shift, and go to state 19
    NOT        shift, and go to state 20
    IDENT      shift, and go to state 21
    INT_LIT    shift, and go to state 22
    FLOAT_LIT  shift, and go to state 23
    BOOL_LIT   shift, and go to state 24
    STR_LIT    shift, and go to state 25
    '('        shift, and go to state 26

    UnaryExp      go to state 50
    FuncCallStmt  go to state 40
    Literal       go to state 41
    IdentExp      go to state 42


state 20

  106 UnaryExp: NOT . UnaryExp

    BNT        shift, and go to state 18
    SUB        shift, and go to state 19
    NOT        shift, and go to state 20
    IDENT      shift, and go to state 21
    INT_LIT    shift, and go to state 22
    FLOAT_LIT  shift, and go to state 23
    BOOL_LIT   shift, and go to state 24
    STR_LIT    shift, and go to state 25
    '('        shift, and go to state 26

    UnaryExp      go to state 51
    FuncCallStmt  go to state 40
    Literal       go to state 41
    IdentExp      go to state 42


state 21

  112 FuncCallStmt: IDENT . '(' ExpList ')'
  119 IdentExp: IDENT .
  120         | IDENT . '[' Expression ']'
  121         | IDENT . '[' Expression ']' '[' Expression ']'

    '['  shift, and go to state 52
    '('  shift, and go to state 53

    $default  reduce using rule 119 (IdentExp)


state 22

  114 Literal: INT_LIT .

    $default  reduce using rule 114 (Literal)


state 23

  115 Literal: FLOAT_LIT .

    $default  reduce using rule 115 (Literal)


state 24

  116 Literal: BOOL_LIT .

    $default  reduce using rule 116 (Literal)


state 25

  113 Literal: STR_LIT .

    $default  reduce using rule 113 (Literal)


state 26

  109 UnaryExp: '(' . VARIABLE_T ')' UnaryExp
  117 Literal: '(' . Expression ')'

    BNT         shift, and go to state 18
    SUB         shift, and go to state 19
    NOT         shift, and go to state 20
    VARIABLE_T  shift, and go to state 54
    IDENT       shift, and go to state 21
    INT_LIT     shift, and go to state 22
    FLOAT_LIT   shift, and go to state 23
    BOOL_LIT    shift, and go to state 24
    STR_LIT     shift, and go to state 25
    '('         shift, and go to state 26

    Expression    go to state 55
    ExpHierarchy  go to state 28
    LORExp        go to state 29
    LANExp        go to state 30
    BORExp        go to state 31
    BXOExp        go to state 32
    BANExp        go to state 33
    EQUExp        go to state 34
    CompareExp    go to state 35
    ShiftExp      go to state 36
    AddSubExp     go to state 37
    MulExp        go to state 38
    UnaryExp      go to state 39
    FuncCallStmt  go to state 40
    Literal       go to state 41
    IdentExp      go to state 42


state 27

   12 DefineVariable: IDENT VAL_ASSIGN Expression .

    $default  reduce using rule 12 (DefineVariable)


state 28

   77 Expression: ExpHierarchy .

    $default  reduce using rule 77 (Expression)


state 29

   78 ExpHierarchy: LORExp .
   79 LORExp: LORExp . LOR LANExp

    LOR  shift, and go to state 56

    $default  reduce using rule 78 (ExpHierarchy)


state 30

   80 LORExp: LANExp .
   81 LANExp: LANExp . LAN BORExp

    LAN  shift, and go to state 57

    $default  reduce using rule 80 (LORExp)


state 31

   82 LANExp: BORExp .
   83 BORExp: BORExp . BOR BXOExp

    BOR  shift, and go to state 58

    $default  reduce using rule 82 (LANExp)


state 32

   84 BORExp: BXOExp .
   85 BXOExp: BXOExp . BXO BANExp

    BXO  shift, and go to state 59

    $default  reduce using rule 84 (BORExp)


state 33

   86 BXOExp: BANExp .
   87 BANExp: BANExp . BAN EQUExp

    BAN  shift, and go to state 60

    $default  reduce using rule 86 (BXOExp)


state 34

   88 BANExp: EQUExp .
   89 EQUExp: EQUExp . EQL CompareExp
   90       | EQUExp . NEQ CompareExp

    EQL  shift, and go to state 61
    NEQ  shift, and go to state 62

    $default  reduce using rule 88 (BANExp)


state 35

   91 EQUExp: CompareExp .
   92 CompareExp: CompareExp . GTR ShiftExp
   93           | CompareExp . LES ShiftExp
   94           | CompareExp . GEQ ShiftExp
   95           | CompareExp . LEQ ShiftExp

    GTR  shift, and go to state 63
    LES  shift, and go to state 64
    GEQ  shift, and go to state 65
    LEQ  shift, and go to state 66

    $default  reduce using rule 91 (EQUExp)


state 36

   96 CompareExp: ShiftExp .
   97 ShiftExp: ShiftExp . SHR AddSubExp

    SHR  shift, and go to state 67

    $default  reduce using rule 96 (CompareExp)


state 37

   98 ShiftExp: AddSubExp .
   99 AddSubExp: AddSubExp . ADD MulExp
  100          | AddSubExp . SUB MulExp

    ADD  shift, and go to state 68
    SUB  shift, and go to state 69

    $default  reduce using rule 98 (ShiftExp)


state 38

  101 AddSubExp: MulExp .
  102 MulExp: MulExp . MUL UnaryExp
  103       | MulExp . DIV UnaryExp
  104       | MulExp . REM UnaryExp

    MUL  shift, and go to state 70
    DIV  shift, and go to state 71
    REM  shift, and go to state 72

    $default  reduce using rule 101 (AddSubExp)


state 39

  105 MulExp: UnaryExp .

    $default  reduce using rule 105 (MulExp)


state 40

  110 UnaryExp: FuncCallStmt .

    $default  reduce using rule 110 (UnaryExp)


state 41

  111 UnaryExp: Literal .

    $default  reduce using rule 111 (UnaryExp)


state 42

  118 Literal: IdentExp .

    $default  reduce using rule 118 (Literal)


state 43

  119 IdentExp: IDENT .
  120         | IDENT . '[' Expression ']'
  121         | IDENT . '[' Expression ']' '[' Expression ']'

    '['  shift, and go to state 52

    $default  reduce using rule 119 (IdentExp)


state 44

  117 Literal: '(' . Expression ')'

    BNT        shift, and go to state 18
    SUB        shift, and go to state 19
    NOT        shift, and go to state 20
    IDENT      shift, and go to state 21
    INT_LIT    shift, and go to state 22
    FLOAT_LIT  shift, and go to state 23
    BOOL_LIT   shift, and go to state 24
    STR_LIT    shift, and go to state 25
    '('        shift, and go to state 26

    Expression    go to state 55
    ExpHierarchy  go to state 28
    LORExp        go to state 29
    LANExp        go to state 30
    BORExp        go to state 31
    BXOExp        go to state 32
    BANExp        go to state 33
    EQUExp        go to state 34
    CompareExp    go to state 35
    ShiftExp      go to state 36
    AddSubExp     go to state 37
    MulExp        go to state 38
    UnaryExp      go to state 39
    FuncCallStmt  go to state 40
    Literal       go to state 41
    IdentExp      go to state 42


state 45

   13 DefineVariable: IDENT '[' Literal . ']'
   15               | IDENT '[' Literal . ']' @2 VAL_ASSIGN '{' ExpList '}'
   16               | IDENT '[' Literal . ']' '[' Literal ']'

    ']'  shift, and go to state 73


state 46

   19 FunctionDefStmt: VARIABLE_T IDENT '(' @3 . FunctionParameterStmtList ')' @4 '{' StmtList '}'

    VARIABLE_T  shift, and go to state 74

    $default  reduce using rule 22 (FunctionParameterStmtList)

    FunctionParameterStmtList  go to state 75
    FunctionParameterStmt      go to state 76


state 47

   11 DefineVariable: IDENT .
   12               | IDENT . VAL_ASSIGN Expression
   13               | IDENT . '[' Literal ']'
   15               | IDENT . '[' Literal ']' @2 VAL_ASSIGN '{' ExpList '}'
   16               | IDENT . '[' Literal ']' '[' Literal ']'

    VAL_ASSIGN  shift, and go to state 14
    '['         shift, and go to state 15

    $default  reduce using rule 11 (DefineVariable)


state 48

    9 DefineVariableList: DefineVariableList ',' DefineVariable .

    $default  reduce using rule 9 (DefineVariableList)


state 49

  107 UnaryExp: BNT UnaryExp .

    $default  reduce using rule 107 (UnaryExp)


state 50

  108 UnaryExp: SUB UnaryExp .

    $default  reduce using rule 108 (UnaryExp)


state 51

  106 UnaryExp: NOT UnaryExp .

    $default  reduce using rule 106 (UnaryExp)


state 52

  120 IdentExp: IDENT '[' . Expression ']'
  121         | IDENT '[' . Expression ']' '[' Expression ']'

    BNT        shift, and go to state 18
    SUB        shift, and go to state 19
    NOT        shift, and go to state 20
    IDENT      shift, and go to state 21
    INT_LIT    shift, and go to state 22
    FLOAT_LIT  shift, and go to state 23
    BOOL_LIT   shift, and go to state 24
    STR_LIT    shift, and go to state 25
    '('        shift, and go to state 26

    Expression    go to state 77
    ExpHierarchy  go to state 28
    LORExp        go to state 29
    LANExp        go to state 30
    BORExp        go to state 31
    BXOExp        go to state 32
    BANExp        go to state 33
    EQUExp        go to state 34
    CompareExp    go to state 35
    ShiftExp      go to state 36
    AddSubExp     go to state 37
    MulExp        go to state 38
    UnaryExp      go to state 39
    FuncCallStmt  go to state 40
    Literal       go to state 41
    IdentExp      go to state 42


state 53

  112 FuncCallStmt: IDENT '(' . ExpList ')'

    BNT        shift, and go to state 18
    SUB        shift, and go to state 19
    NOT        shift, and go to state 20
    IDENT      shift, and go to state 21
    INT_LIT    shift, and go to state 22
    FLOAT_LIT  shift, and go to state 23
    BOOL_LIT   shift, and go to state 24
    STR_LIT    shift, and go to state 25
    '('        shift, and go to state 26

    $default  reduce using rule 76 (ExpList)

    ExpList       go to state 78
    Expression    go to state 79
    ExpHierarchy  go to state 28
    LORExp        go to state 29
    LANExp        go to state 30
    BORExp        go to state 31
    BXOExp        go to state 32
    BANExp        go to state 33
    EQUExp        go to state 34
    CompareExp    go to state 35
    ShiftExp      go to state 36
    AddSubExp     go to state 37
    MulExp        go to state 38
    UnaryExp      go to state 39
    FuncCallStmt  go to state 40
    Literal       go to state 41
    IdentExp      go to state 42


state 54

  109 UnaryExp: '(' VARIABLE_T . ')' UnaryExp

    ')'  shift, and go to state 80


state 55

  117 Literal: '(' Expression . ')'

    ')'  shift, and go to state 81


state 56

   79 LORExp: LORExp LOR . LANExp

    BNT        shift, and go to state 18
    SUB        shift, and go to state 19
    NOT        shift, and go to state 20
    IDENT      shift, and go to state 21
    INT_LIT    shift, and go to state 22
    FLOAT_LIT  shift, and go to state 23
    BOOL_LIT   shift, and go to state 24
    STR_LIT    shift, and go to state 25
    '('        shift, and go to state 26

    LANExp        go to state 82
    BORExp        go to state 31
    BXOExp        go to state 32
    BANExp        go to state 33
    EQUExp        go to state 34
    CompareExp    go to state 35
    ShiftExp      go to state 36
    AddSubExp     go to state 37
    MulExp        go to state 38
    UnaryExp      go to state 39
    FuncCallStmt  go to state 40
    Literal       go to state 41
    IdentExp      go to state 42


state 57

   81 LANExp: LANExp LAN . BORExp

    BNT        shift, and go to state 18
    SUB        shift, and go to state 19
    NOT        shift, and go to state 20
    IDENT      shift, and go to state 21
    INT_LIT    shift, and go to state 22
    FLOAT_LIT  shift, and go to state 23
    BOOL_LIT   shift, and go to state 24
    STR_LIT    shift, and go to state 25
    '('        shift, and go to state 26

    BORExp        go to state 83
    BXOExp        go to state 32
    BANExp        go to state 33
    EQUExp        go to state 34
    CompareExp    go to state 35
    ShiftExp      go to state 36
    AddSubExp     go to state 37
    MulExp        go to state 38
    UnaryExp      go to state 39
    FuncCallStmt  go to state 40
    Literal       go to state 41
    IdentExp      go to state 42


state 58

   83 BORExp: BORExp BOR . BXOExp

    BNT        shift, and go to state 18
    SUB        shift, and go to state 19
    NOT        shift, and go to state 20
    IDENT      shift, and go to state 21
    INT_LIT    shift, and go to state 22
    FLOAT_LIT  shift, and go to state 23
    BOOL_LIT   shift, and go to state 24
    STR_LIT    shift, and go to state 25
    '('        shift, and go to state 26

    BXOExp        go to state 84
    BANExp        go to state 33
    EQUExp        go to state 34
    CompareExp    go to state 35
    ShiftExp      go to state 36
    AddSubExp     go to state 37
    MulExp        go to state 38
    UnaryExp      go to state 39
    FuncCallStmt  go to state 40
    Literal       go to state 41
    IdentExp      go to state 42


state 59

   85 BXOExp: BXOExp BXO . BANExp

    BNT        shift, and go to state 18
    SUB        shift, and go to state 19
    NOT        shift, and go to state 20
    IDENT      shift, and go to state 21
    INT_LIT    shift, and go to state 22
    FLOAT_LIT  shift, and go to state 23
    BOOL_LIT   shift, and go to state 24
    STR_LIT    shift, and go to state 25
    '('        shift, and go to state 26

    BANExp        go to state 85
    EQUExp        go to state 34
    CompareExp    go to state 35
    ShiftExp      go to state 36
    AddSubExp     go to state 37
    MulExp        go to state 38
    UnaryExp      go to state 39
    FuncCallStmt  go to state 40
    Literal       go to state 41
    IdentExp      go to state 42


state 60

   87 BANExp: BANExp BAN . EQUExp

    BNT        shift, and go to state 18
    SUB        shift, and go to state 19
    NOT        shift, and go to state 20
    IDENT      shift, and go to state 21
    INT_LIT    shift, and go to state 22
    FLOAT_LIT  shift, and go to state 23
    BOOL_LIT   shift, and go to state 24
    STR_LIT    shift, and go to state 25
    '('        shift, and go to state 26

    EQUExp        go to state 86
    CompareExp    go to state 35
    ShiftExp      go to state 36
    AddSubExp     go to state 37
    MulExp        go to state 38
    UnaryExp      go to state 39
    FuncCallStmt  go to state 40
    Literal       go to state 41
    IdentExp      go to state 42


state 61

   89 EQUExp: EQUExp EQL . CompareExp

    BNT        shift, and go to state 18
    SUB        shift, and go to state 19
    NOT        shift, and go to state 20
    IDENT      shift, and go to state 21
    INT_LIT    shift, and go to state 22
    FLOAT_LIT  shift, and go to state 23
    BOOL_LIT   shift, and go to state 24
    STR_LIT    shift, and go to state 25
    '('        shift, and go to state 26

    CompareExp    go to state 87
    ShiftExp      go to state 36
    AddSubExp     go to state 37
    MulExp        go to state 38
    UnaryExp      go to state 39
    FuncCallStmt  go to state 40
    Literal       go to state 41
    IdentExp      go to state 42


state 62

   90 EQUExp: EQUExp NEQ . CompareExp

    BNT        shift, and go to state 18
    SUB        shift, and go to state 19
    NOT        shift, and go to state 20
    IDENT      shift, and go to state 21
    INT_LIT    shift, and go to state 22
    FLOAT_LIT  shift, and go to state 23
    BOOL_LIT   shift, and go to state 24
    STR_LIT    shift, and go to state 25
    '('        shift, and go to state 26

    CompareExp    go to state 88
    ShiftExp      go to state 36
    AddSubExp     go to state 37
    MulExp        go to state 38
    UnaryExp      go to state 39
    FuncCallStmt  go to state 40
    Literal       go to state 41
    IdentExp      go to state 42


state 63

   92 CompareExp: CompareExp GTR . ShiftExp

    BNT        shift, and go to state 18
    SUB        shift, and go to state 19
    NOT        shift, and go to state 20
    IDENT      shift, and go to state 21
    INT_LIT    shift, and go to state 22
    FLOAT_LIT  shift, and go to state 23
    BOOL_LIT   shift, and go to state 24
    STR_LIT    shift, and go to state 25
    '('        shift, and go to state 26

    ShiftExp      go to state 89
    AddSubExp     go to state 37
    MulExp        go to state 38
    UnaryExp      go to state 39
    FuncCallStmt  go to state 40
    Literal       go to state 41
    IdentExp      go to state 42


state 64

   93 CompareExp: CompareExp LES . ShiftExp

    BNT        shift, and go to state 18
    SUB        shift, and go to state 19
    NOT        shift, and go to state 20
    IDENT      shift, and go to state 21
    INT_LIT    shift, and go to state 22
    FLOAT_LIT  shift, and go to state 23
    BOOL_LIT   shift, and go to state 24
    STR_LIT    shift, and go to state 25
    '('        shift, and go to state 26

    ShiftExp      go to state 90
    AddSubExp     go to state 37
    MulExp        go to state 38
    UnaryExp      go to state 39
    FuncCallStmt  go to state 40
    Literal       go to state 41
    IdentExp      go to state 42


state 65

   94 CompareExp: CompareExp GEQ . ShiftExp

    BNT        shift, and go to state 18
    SUB        shift, and go to state 19
    NOT        shift, and go to state 20
    IDENT      shift, and go to state 21
    INT_LIT    shift, and go to state 22
    FLOAT_LIT  shift, and go to state 23
    BOOL_LIT   shift, and go to state 24
    STR_LIT    shift, and go to state 25
    '('        shift, and go to state 26

    ShiftExp      go to state 91
    AddSubExp     go to state 37
    MulExp        go to state 38
    UnaryExp      go to state 39
    FuncCallStmt  go to state 40
    Literal       go to state 41
    IdentExp      go to state 42


state 66

   95 CompareExp: CompareExp LEQ . ShiftExp

    BNT        shift, and go to state 18
    SUB        shift, and go to state 19
    NOT        shift, and go to state 20
    IDENT      shift, and go to state 21
    INT_LIT    shift, and go to state 22
    FLOAT_LIT  shift, and go to state 23
    BOOL_LIT   shift, and go to state 24
    STR_LIT    shift, and go to state 25
    '('        shift, and go to state 26

    ShiftExp      go to state 92
    AddSubExp     go to state 37
    MulExp        go to state 38
    UnaryExp      go to state 39
    FuncCallStmt  go to state 40
    Literal       go to state 41
    IdentExp      go to state 42


state 67

   97 ShiftExp: ShiftExp SHR . AddSubExp

    BNT        shift, and go to state 18
    SUB        shift, and go to state 19
    NOT        shift, and go to state 20
    IDENT      shift, and go to state 21
    INT_LIT    shift, and go to state 22
    FLOAT_LIT  shift, and go to state 23
    BOOL_LIT   shift, and go to state 24
    STR_LIT    shift, and go to state 25
    '('        shift, and go to state 26

    AddSubExp     go to state 93
    MulExp        go to state 38
    UnaryExp      go to state 39
    FuncCallStmt  go to state 40
    Literal       go to state 41
    IdentExp      go to state 42


state 68

   99 AddSubExp: AddSubExp ADD . MulExp

    BNT        shift, and go to state 18
    SUB        shift, and go to state 19
    NOT        shift, and go to state 20
    IDENT      shift, and go to state 21
    INT_LIT    shift, and go to state 22
    FLOAT_LIT  shift, and go to state 23
    BOOL_LIT   shift, and go to state 24
    STR_LIT    shift, and go to state 25
    '('        shift, and go to state 26

    MulExp        go to state 94
    UnaryExp      go to state 39
    FuncCallStmt  go to state 40
    Literal       go to state 41
    IdentExp      go to state 42


state 69

  100 AddSubExp: AddSubExp SUB . MulExp

    BNT        shift, and go to state 18
    SUB        shift, and go to state 19
    NOT        shift, and go to state 20
    IDENT      shift, and go to state 21
    INT_LIT    shift, and go to state 22
    FLOAT_LIT  shift, and go to state 23
    BOOL_LIT   shift, and go to state 24
    STR_LIT    shift, and go to state 25
    '('        shift, and go to state 26

    MulExp        go to state 95
    UnaryExp      go to state 39
    FuncCallStmt  go to state 40
    Literal       go to state 41
    IdentExp      go to state 42


state 70

  102 MulExp: MulExp MUL . UnaryExp

    BNT        shift, and go to state 18
    SUB        shift, and go to state 19
    NOT        shift, and go to state 20
    IDENT      shift, and go to state 21
    INT_LIT    shift, and go to state 22
    FLOAT_LIT  shift, and go to state 23
    BOOL_LIT   shift, and go to state 24
    STR_LIT    shift, and go to state 25
    '('        shift, and go to state 26

    UnaryExp      go to state 96
    FuncCallStmt  go to state 40
    Literal       go to state 41
    IdentExp      go to state 42


state 71

  103 MulExp: MulExp DIV . UnaryExp

    BNT        shift, and go to state 18
    SUB        shift, and go to state 19
    NOT        shift, and go to state 20
    IDENT      shift, and go to state 21
    INT_LIT    shift, and go to state 22
    FLOAT_LIT  shift, and go to state 23
    BOOL_LIT   shift, and go to state 24
    STR_LIT    shift, and go to state 25
    '('        shift, and go to state 26

    UnaryExp      go to state 97
    FuncCallStmt  go to state 40
    Literal       go to state 41
    IdentExp      go to state 42


state 72

  104 MulExp: MulExp REM . UnaryExp

    BNT        shift, and go to state 18
    SUB        shift, and go to state 19
    NOT        shift, and go to state 20
    IDENT      shift, and go to state 21
    INT_LIT    shift, and go to state 22
    FLOAT_LIT  shift, and go to state 23
    BOOL_LIT   shift, and go to state 24
    STR_LIT    shift, and go to state 25
    '('        shift, and go to state 26

    UnaryExp      go to state 98
    FuncCallStmt  go to state 40
    Literal       go to state 41
    IdentExp      go to state 42


state 73

   13 DefineVariable: IDENT '[' Literal ']' .
   15               | IDENT '[' Literal ']' . @2 VAL_ASSIGN '{' ExpList '}'
   16               | IDENT '[' Literal ']' . '[' Literal ']'

    '['  shift, and go to state 99

    VAL_ASSIGN  reduce using rule 14 (@2)
    $default    reduce using rule 13 (DefineVariable)

    @2  go to state 100


state 74

   23 FunctionParameterStmt: VARIABLE_T . IDENT
   24                      | VARIABLE_T . IDENT '[' ']'

    IDENT  shift, and go to state 101


state 75

   19 FunctionDefStmt: VARIABLE_T IDENT '(' @3 FunctionParameterStmtList . ')' @4 '{' StmtList '}'
   20 FunctionParameterStmtList: FunctionParameterStmtList . ',' FunctionParameterStmt

    ','  shift, and go to state 102
    ')'  shift, and go to state 103


state 76

   21 FunctionParameterStmtList: FunctionParameterStmt .

    $default  reduce using rule 21 (FunctionParameterStmtList)


state 77

  120 IdentExp: IDENT '[' Expression . ']'
  121         | IDENT '[' Expression . ']' '[' Expression ']'

    ']'  shift, and go to state 104


state 78

   74 ExpList: ExpList . ',' Expression
  112 FuncCallStmt: IDENT '(' ExpList . ')'

    ','  shift, and go to state 105
    ')'  shift, and go to state 106


state 79

   75 ExpList: Expression .

    $default  reduce using rule 75 (ExpList)


state 80

  109 UnaryExp: '(' VARIABLE_T ')' . UnaryExp

    BNT        shift, and go to state 18
    SUB        shift, and go to state 19
    NOT        shift, and go to state 20
    IDENT      shift, and go to state 21
    INT_LIT    shift, and go to state 22
    FLOAT_LIT  shift, and go to state 23
    BOOL_LIT   shift, and go to state 24
    STR_LIT    shift, and go to state 25
    '('        shift, and go to state 26

    UnaryExp      go to state 107
    FuncCallStmt  go to state 40
    Literal       go to state 41
    IdentExp      go to state 42


state 81

  117 Literal: '(' Expression ')' .

    $default  reduce using rule 117 (Literal)


state 82

   79 LORExp: LORExp LOR LANExp .
   81 LANExp: LANExp . LAN BORExp

    LAN  shift, and go to state 57

    $default  reduce using rule 79 (LORExp)


state 83

   81 LANExp: LANExp LAN BORExp .
   83 BORExp: BORExp . BOR BXOExp

    BOR  shift, and go to state 58

    $default  reduce using rule 81 (LANExp)


state 84

   83 BORExp: BORExp BOR BXOExp .
   85 BXOExp: BXOExp . BXO BANExp

    BXO  shift, and go to state 59

    $default  reduce using rule 83 (BORExp)


state 85

   85 BXOExp: BXOExp BXO BANExp .
   87 BANExp: BANExp . BAN EQUExp

    BAN  shift, and go to state 60

    $default  reduce using rule 85 (BXOExp)


state 86

   87 BANExp: BANExp BAN EQUExp .
   89 EQUExp: EQUExp . EQL CompareExp
   90       | EQUExp . NEQ CompareExp

    EQL  shift, and go to state 61
    NEQ  shift, and go to state 62

    $default  reduce using rule 87 (BANExp)


state 87

   89 EQUExp: EQUExp EQL CompareExp .
   92 CompareExp: CompareExp . GTR ShiftExp
   93           | CompareExp . LES ShiftExp
   94           | CompareExp . GEQ ShiftExp
   95           | CompareExp . LEQ ShiftExp

    GTR  shift, and go to state 63
    LES  shift, and go to state 64
    GEQ  shift, and go to state 65
    LEQ  shift, and go to state 66

    $default  reduce using rule 89 (EQUExp)


state 88

   90 EQUExp: EQUExp NEQ CompareExp .
   92 CompareExp: CompareExp . GTR ShiftExp
   93           | CompareExp . LES ShiftExp
   94           | CompareExp . GEQ ShiftExp
   95           | CompareExp . LEQ ShiftExp

    GTR  shift, and go to state 63
    LES  shift, and go to state 64
    GEQ  shift, and go to state 65
    LEQ  shift, and go to state 66

    $default  reduce using rule 90 (EQUExp)


state 89

   92 CompareExp: CompareExp GTR ShiftExp .
   97 ShiftExp: ShiftExp . SHR AddSubExp

    SHR  shift, and go to state 67

    $default  reduce using rule 92 (CompareExp)


state 90

   93 CompareExp: CompareExp LES ShiftExp .
   97 ShiftExp: ShiftExp . SHR AddSubExp

    SHR  shift, and go to state 67

    $default  reduce using rule 93 (CompareExp)


state 91

   94 CompareExp: CompareExp GEQ ShiftExp .
   97 ShiftExp: ShiftExp . SHR AddSubExp

    SHR  shift, and go to state 67

    $default  reduce using rule 94 (CompareExp)


state 92

   95 CompareExp: CompareExp LEQ ShiftExp .
   97 ShiftExp: ShiftExp . SHR AddSubExp

    SHR  shift, and go to state 67

    $default  reduce using rule 95 (CompareExp)


state 93

   97 ShiftExp: ShiftExp SHR AddSubExp .
   99 AddSubExp: AddSubExp . ADD MulExp
  100          | AddSubExp . SUB MulExp

    ADD  shift, and go to state 68
    SUB  shift, and go to state 69

    $default  reduce using rule 97 (ShiftExp)


state 94

   99 AddSubExp: AddSubExp ADD MulExp .
  102 MulExp: MulExp . MUL UnaryExp
  103       | MulExp . DIV UnaryExp
  104       | MulExp . REM UnaryExp

    MUL  shift, and go to state 70
    DIV  shift, and go to state 71
    REM  shift, and go to state 72

    $default  reduce using rule 99 (AddSubExp)


state 95

  100 AddSubExp: AddSubExp SUB MulExp .
  102 MulExp: MulExp . MUL UnaryExp
  103       | MulExp . DIV UnaryExp
  104       | MulExp . REM UnaryExp

    MUL  shift, and go to state 70
    DIV  shift, and go to state 71
    REM  shift, and go to state 72

    $default  reduce using rule 100 (AddSubExp)


state 96

  102 MulExp: MulExp MUL UnaryExp .

    $default  reduce using rule 102 (MulExp)


state 97

  103 MulExp: MulExp DIV UnaryExp .

    $default  reduce using rule 103 (MulExp)


state 98

  104 MulExp: MulExp REM UnaryExp .

    $default  reduce using rule 104 (MulExp)


state 99

   16 DefineVariable: IDENT '[' Literal ']' '[' . Literal ']'

    IDENT      shift, and go to state 43
    INT_LIT    shift, and go to state 22
    FLOAT_LIT  shift, and go to state 23
    BOOL_LIT   shift, and go to state 24
    STR_LIT    shift, and go to state 25
    '('        shift, and go to state 44

    Literal   go to state 108
    IdentExp  go to state 42


state 100

   15 DefineVariable: IDENT '[' Literal ']' @2 . VAL_ASSIGN '{' ExpList '}'

    VAL_ASSIGN  shift, and go to state 109


state 101

   23 FunctionParameterStmt: VARIABLE_T IDENT .
   24                      | VARIABLE_T IDENT . '[' ']'

    '['  shift, and go to state 110

    $default  reduce using rule 23 (FunctionParameterStmt)


state 102

   20 FunctionParameterStmtList: FunctionParameterStmtList ',' . FunctionParameterStmt

    VARIABLE_T  shift, and go to state 74

    FunctionParameterStmt  go to state 111


state 103

   19 FunctionDefStmt: VARIABLE_T IDENT '(' @3 FunctionParameterStmtList ')' . @4 '{' StmtList '}'

    $default  reduce using rule 18 (@4)

    @4  go to state 112


state 104

  120 IdentExp: IDENT '[' Expression ']' .
  121         | IDENT '[' Expression ']' . '[' Expression ']'

    '['  shift, and go to state 113

    $default  reduce using rule 120 (IdentExp)


state 105

   74 ExpList: ExpList ',' . Expression

    BNT        shift, and go to state 18
    SUB        shift, and go to state 19
    NOT        shift, and go to state 20
    IDENT      shift, and go to state 21
    INT_LIT    shift, and go to state 22
    FLOAT_LIT  shift, and go to state 23
    BOOL_LIT   shift, and go to state 24
    STR_LIT    shift, and go to state 25
    '('        shift, and go to state 26

    Expression    go to state 114
    ExpHierarchy  go to state 28
    LORExp        go to state 29
    LANExp        go to state 30
    BORExp        go to state 31
    BXOExp        go to state 32
    BANExp        go to state 33
    EQUExp        go to state 34
    CompareExp    go to state 35
    ShiftExp      go to state 36
    AddSubExp     go to state 37
    MulExp        go to state 38
    UnaryExp      go to state 39
    FuncCallStmt  go to state 40
    Literal       go to state 41
    IdentExp      go to state 42


state 106

  112 FuncCallStmt: IDENT '(' ExpList ')' .

    $default  reduce using rule 112 (FuncCallStmt)


state 107

  109 UnaryExp: '(' VARIABLE_T ')' UnaryExp .

    $default  reduce using rule 109 (UnaryExp)


state 108

   16 DefineVariable: IDENT '[' Literal ']' '[' Literal . ']'

    ']'  shift, and go to state 115


state 109

   15 DefineVariable: IDENT '[' Literal ']' @2 VAL_ASSIGN . '{' ExpList '}'

    '{'  shift, and go to state 116


state 110

   24 FunctionParameterStmt: VARIABLE_T IDENT '[' . ']'

    ']'  shift, and go to state 117


state 111

   20 FunctionParameterStmtList: FunctionParameterStmtList ',' FunctionParameterStmt .

    $default  reduce using rule 20 (FunctionParameterStmtList)


state 112

   19 FunctionDefStmt: VARIABLE_T IDENT '(' @3 FunctionParameterStmtList ')' @4 . '{' StmtList '}'

    '{'  shift, and go to state 118


state 113

  121 IdentExp: IDENT '[' Expression ']' '[' . Expression ']'

    BNT        shift, and go to state 18
    SUB        shift, and go to state 19
    NOT        shift, and go to state 20
    IDENT      shift, and go to state 21
    INT_LIT    shift, and go to state 22
    FLOAT_LIT  shift, and go to state 23
    BOOL_LIT   shift, and go to state 24
    STR_LIT    shift, and go to state 25
    '('        shift, and go to state 26

    Expression    go to state 119
    ExpHierarchy  go to state 28
    LORExp        go to state 29
    LANExp        go to state 30
    BORExp        go to state 31
    BXOExp        go to state 32
    BANExp        go to state 33
    EQUExp        go to state 34
    CompareExp    go to state 35
    ShiftExp      go to state 36
    AddSubExp     go to state 37
    MulExp        go to state 38
    UnaryExp      go to state 39
    FuncCallStmt  go to state 40
    Literal       go to state 41
    IdentExp      go to state 42


state 114

   74 ExpList: ExpList ',' Expression .

    $default  reduce using rule 74 (ExpList)


state 115

   16 DefineVariable: IDENT '[' Literal ']' '[' Literal ']' .

    $default  reduce using rule 16 (DefineVariable)


state 116

   15 DefineVariable: IDENT '[' Literal ']' @2 VAL_ASSIGN '{' . ExpList '}'

    BNT        shift, and go to state 18
    SUB        shift, and go to state 19
    NOT        shift, and go to state 20
    IDENT      shift, and go to state 21
    INT_LIT    shift, and go to state 22
    FLOAT_LIT  shift, and go to state 23
    BOOL_LIT   shift, and go to state 24
    STR_LIT    shift, and go to state 25
    '('        shift, and go to state 26

    $default  reduce using rule 76 (ExpList)

    ExpList       go to state 120
    Expression    go to state 79
    ExpHierarchy  go to state 28
    LORExp        go to state 29
    LANExp        go to state 30
    BORExp        go to state 31
    BXOExp        go to state 32
    BANExp        go to state 33
    EQUExp        go to state 34
    CompareExp    go to state 35
    ShiftExp      go to state 36
    AddSubExp     go to state 37
    MulExp        go to state 38
    UnaryExp      go to state 39
    FuncCallStmt  go to state 40
    Literal       go to state 41
    IdentExp      go to state 42


state 117

   24 FunctionParameterStmt: VARIABLE_T IDENT '[' ']' .

    $default  reduce using rule 24 (FunctionParameterStmt)


state 118

   19 FunctionDefStmt: VARIABLE_T IDENT '(' @3 FunctionParameterStmtList ')' @4 '{' . StmtList '}'

    COUT        shift, and go to state 121
    IF          shift, and go to state 122
    FOR         shift, and go to state 123
    WHILE       shift, and go to state 124
    RETURN      shift, and go to state 125
    BREAK       shift, and go to state 126
    CONTINUE    shift, and go to state 127
    VARIABLE_T  shift, and go to state 128
    IDENT       shift, and go to state 21
    ';'         shift, and go to state 129

    DefineVariableStmt  go to state 130
    StmtList            go to state 131
    Stmt                go to state 132
    IfStmt              go to state 133
    ForStmt             go to state 134
    WhileStmt           go to state 135
    AssignStmt          go to state 136
    FuncCallStmt        go to state 137
    IdentExp            go to state 138


state 119

  121 IdentExp: IDENT '[' Expression ']' '[' Expression . ']'

    ']'  shift, and go to state 139


state 120

   15 DefineVariable: IDENT '[' Literal ']' @2 VAL_ASSIGN '{' ExpList . '}'
   74 ExpList: ExpList . ',' Expression

    ','  shift, and go to state 105
    '}'  shift, and go to state 140


state 121

   28 Stmt: COUT . CoutParmListStmt ';'

    SHL  shift, and go to state 141

    CoutParmListStmt  go to state 142


state 122

   43 IfStmt: IF . '(' Expression ')' @5 '{' StmtList '}' @6 ElseStmt
   45       | IF . '(' Expression ')' @7 Stmt

    '('  shift, and go to state 143


state 123

   50 ForStmt: FOR . @9 '(' ForInitStmt ')' '{' StmtList '}'

    $default  reduce using rule 49 (@9)

    @9  go to state 144


state 124

   60 WhileStmt: WHILE . @10 '(' Expression ')' @11 '{' StmtList '}'

    $default  reduce using rule 58 (@10)

    @10  go to state 145


state 125

   29 Stmt: RETURN . Expression ';'
   30     | RETURN . ';'

    BNT        shift, and go to state 18
    SUB        shift, and go to state 19
    NOT        shift, and go to state 20
    IDENT      shift, and go to state 21
    INT_LIT    shift, and go to state 22
    FLOAT_LIT  shift, and go to state 23
    BOOL_LIT   shift, and go to state 24
    STR_LIT    shift, and go to state 25
    ';'        shift, and go to state 146
    '('        shift, and go to state 26

    Expression    go to state 147
    ExpHierarchy  go to state 28
    LORExp        go to state 29
    LANExp        go to state 30
    BORExp        go to state 31
    BXOExp        go to state 32
    BANExp        go to state 33
    EQUExp        go to state 34
    CompareExp    go to state 35
    ShiftExp      go to state 36
    AddSubExp     go to state 37
    MulExp        go to state 38
    UnaryExp      go to state 39
    FuncCallStmt  go to state 40
    Literal       go to state 41
    IdentExp      go to state 42


state 126

   31 Stmt: BREAK . ';'

    ';'  shift, and go to state 148


state 127

   32 Stmt: CONTINUE . ';'

    ';'  shift, and go to state 149


state 128

    8 DefineVariableStmt: VARIABLE_T . DefineVariableList

    IDENT  shift, and go to state 47

    DefineVariableList  go to state 10
    DefineVariable      go to state 11


state 129

   27 Stmt: ';' .

    $default  reduce using rule 27 (Stmt)


state 130

   33 Stmt: DefineVariableStmt . ';'

    ';'  shift, and go to state 150


state 131

   19 FunctionDefStmt: VARIABLE_T IDENT '(' @3 FunctionParameterStmtList ')' @4 '{' StmtList . '}'
   25 StmtList: StmtList . Stmt

    COUT        shift, and go to state 121
    IF          shift, and go to state 122
    FOR         shift, and go to state 123
    WHILE       shift, and go to state 124
    RETURN      shift, and go to state 125
    BREAK       shift, and go to state 126
    CONTINUE    shift, and go to state 127
    VARIABLE_T  shift, and go to state 128
    IDENT       shift, and go to state 21
    ';'         shift, and go to state 129
    '}'         shift, and go to state 151

    DefineVariableStmt  go to state 130
    Stmt                go to state 152
    IfStmt              go to state 133
    ForStmt             go to state 134
    WhileStmt           go to state 135
    AssignStmt          go to state 136
    FuncCallStmt        go to state 137
    IdentExp            go to state 138


state 132

   26 StmtList: Stmt .

    $default  reduce using rule 26 (StmtList)


state 133

   36 Stmt: IfStmt .

    $default  reduce using rule 36 (Stmt)


state 134

   37 Stmt: ForStmt .

    $default  reduce using rule 37 (Stmt)


state 135

   38 Stmt: WhileStmt .

    $default  reduce using rule 38 (Stmt)


state 136

   34 Stmt: AssignStmt . ';'

    ';'  shift, and go to state 153


state 137

   35 Stmt: FuncCallStmt . ';'

    ';'  shift, and go to state 154


state 138

   61 AssignStmt: IdentExp . VAL_ASSIGN Expression
   62           | IdentExp . ADD_ASSIGN Expression
   63           | IdentExp . SUB_ASSIGN Expression
   64           | IdentExp . MUL_ASSIGN Expression
   65           | IdentExp . DIV_ASSIGN Expression
   66           | IdentExp . REM_ASSIGN Expression
   67           | IdentExp . SHR_ASSIGN Expression
   68           | IdentExp . SHL_ASSIGN Expression
   69           | IdentExp . BAN_ASSIGN Expression
   70           | IdentExp . BOR_ASSIGN Expression
   71           | IdentExp . BXO_ASSIGN Expression
   72           | IdentExp . INC_ASSIGN
   73           | IdentExp . DEC_ASSIGN

    VAL_ASSIGN  shift, and go to state 155
    ADD_ASSIGN  shift, and go to state 156
    SUB_ASSIGN  shift, and go to state 157
    MUL_ASSIGN  shift, and go to state 158
    DIV_ASSIGN  shift, and go to state 159
    REM_ASSIGN  shift, and go to state 160
    BAN_ASSIGN  shift, and go to state 161
    BOR_ASSIGN  shift, and go to state 162
    BXO_ASSIGN  shift, and go to state 163
    SHR_ASSIGN  shift, and go to state 164
    SHL_ASSIGN  shift, and go to state 165
    INC_ASSIGN  shift, and go to state 166
    DEC_ASSIGN  shift, and go to state 167


state 139

  121 IdentExp: IDENT '[' Expression ']' '[' Expression ']' .

    $default  reduce using rule 121 (IdentExp)


state 140

   15 DefineVariable: IDENT '[' Literal ']' @2 VAL_ASSIGN '{' ExpList '}' .

    $default  reduce using rule 15 (DefineVariable)


state 141

   40 CoutParmListStmt: SHL . Expression

    BNT        shift, and go to state 18
    SUB        shift, and go to state 19
    NOT        shift, and go to state 20
    IDENT      shift, and go to state 21
    INT_LIT    shift, and go to state 22
    FLOAT_LIT  shift, and go to state 23
    BOOL_LIT   shift, and go to state 24
    STR_LIT    shift, and go to state 25
    '('        shift, and go to state 26

    Expression    go to state 168
    ExpHierarchy  go to state 28
    LORExp        go to state 29
    LANExp        go to state 30
    BORExp        go to state 31
    BXOExp        go to state 32
    BANExp        go to state 33
    EQUExp        go to state 34
    CompareExp    go to state 35
    ShiftExp      go to state 36
    AddSubExp     go to state 37
    MulExp        go to state 38
    UnaryExp      go to state 39
    FuncCallStmt  go to state 40
    Literal       go to state 41
    IdentExp      go to state 42


state 142

   28 Stmt: COUT CoutParmListStmt . ';'
   39 CoutParmListStmt: CoutParmListStmt . SHL Expression

    SHL  shift, and go to state 169
    ';'  shift, and go to state 170


state 143

   43 IfStmt: IF '(' . Expression ')' @5 '{' StmtList '}' @6 ElseStmt
   45       | IF '(' . Expression ')' @7 Stmt

    BNT        shift, and go to state 18
    SUB        shift, and go to state 19
    NOT        shift, and go to state 20
    IDENT      shift, and go to state 21
    INT_LIT    shift, and go to state 22
    FLOAT_LIT  shift, and go to state 23
    BOOL_LIT   shift, and go to state 24
    STR_LIT    shift, and go to state 25
    '('        shift, and go to state 26

    Expression    go to state 171
    ExpHierarchy  go to state 28
    LORExp        go to state 29
    LANExp        go to state 30
    BORExp        go to state 31
    BXOExp        go to state 32
    BANExp        go to state 33
    EQUExp        go to state 34
    CompareExp    go to state 35
    ShiftExp      go to state 36
    AddSubExp     go to state 37
    MulExp        go to state 38
    UnaryExp      go to state 39
    FuncCallStmt  go to state 40
    Literal       go to state 41
    IdentExp      go to state 42


state 144

   50 ForStmt: FOR @9 . '(' ForInitStmt ')' '{' StmtList '}'

    '('  shift, and go to state 172


state 145

   60 WhileStmt: WHILE @10 . '(' Expression ')' @11 '{' StmtList '}'

    '('  shift, and go to state 173


state 146

   30 Stmt: RETURN ';' .

    $default  reduce using rule 30 (Stmt)


state 147

   29 Stmt: RETURN Expression . ';'

    ';'  shift, and go to state 174


state 148

   31 Stmt: BREAK ';' .

    $default  reduce using rule 31 (Stmt)


state 149

   32 Stmt: CONTINUE ';' .

    $default  reduce using rule 32 (Stmt)


state 150

   33 Stmt: DefineVariableStmt ';' .

    $default  reduce using rule 33 (Stmt)


state 151

   19 FunctionDefStmt: VARIABLE_T IDENT '(' @3 FunctionParameterStmtList ')' @4 '{' StmtList '}' .

    $default  reduce using rule 19 (FunctionDefStmt)


state 152

   25 StmtList: StmtList Stmt .

    $default  reduce using rule 25 (StmtList)


state 153

   34 Stmt: AssignStmt ';' .

    $default  reduce using rule 34 (Stmt)


state 154

   35 Stmt: FuncCallStmt ';' .

    $default  reduce using rule 35 (Stmt)


state 155

   61 AssignStmt: IdentExp VAL_ASSIGN . Expression

    BNT        shift, and go to state 18
    SUB        shift, and go to state 19
    NOT        shift, and go to state 20
    IDENT      shift, and go to state 21
    INT_LIT    shift, and go to state 22
    FLOAT_LIT  shift, and go to state 23
    BOOL_LIT   shift, and go to state 24
    STR_LIT    shift, and go to state 25
    '('        shift, and go to state 26

    Expression    go to state 175
    ExpHierarchy  go to state 28
    LORExp        go to state 29
    LANExp        go to state 30
    BORExp        go to state 31
    BXOExp        go to state 32
    BANExp        go to state 33
    EQUExp        go to state 34
    CompareExp    go to state 35
    ShiftExp      go to state 36
    AddSubExp     go to state 37
    MulExp        go to state 38
    UnaryExp      go to state 39
    FuncCallStmt  go to state 40
    Literal       go to state 41
    IdentExp      go to state 42


state 156

   62 AssignStmt: IdentExp ADD_ASSIGN . Expression

    BNT        shift, and go to state 18
    SUB        shift, and go to state 19
    NOT        shift, and go to state 20
    IDENT      shift, and go to state 21
    INT_LIT    shift, and go to state 22
    FLOAT_LIT  shift, and go to state 23
    BOOL_LIT   shift, and go to state 24
    STR_LIT    shift, and go to state 25
    '('        shift, and go to state 26

    Expression    go to state 176
    ExpHierarchy  go to state 28
    LORExp        go to state 29
    LANExp        go to state 30
    BORExp        go to state 31
    BXOExp        go to state 32
    BANExp        go to state 33
    EQUExp        go to state 34
    CompareExp    go to state 35
    ShiftExp      go to state 36
    AddSubExp     go to state 37
    MulExp        go to state 38
    UnaryExp      go to state 39
    FuncCallStmt  go to state 40
    Literal       go to state 41
    IdentExp      go to state 42


state 157

   63 AssignStmt: IdentExp SUB_ASSIGN . Expression

    BNT        shift, and go to state 18
    SUB        shift, and go to state 19
    NOT        shift, and go to state 20
    IDENT      shift, and go to state 21
    INT_LIT    shift, and go to state 22
    FLOAT_LIT  shift, and go to state 23
    BOOL_LIT   shift, and go to state 24
    STR_LIT    shift, and go to state 25
    '('        shift, and go to state 26

    Expression    go to state 177
    ExpHierarchy  go to state 28
    LORExp        go to state 29
    LANExp        go to state 30
    BORExp        go to state 31
    BXOExp        go to state 32
    BANExp        go to state 33
    EQUExp        go to state 34
    CompareExp    go to state 35
    ShiftExp      go to state 36
    AddSubExp     go to state 37
    MulExp        go to state 38
    UnaryExp      go to state 39
    FuncCallStmt  go to state 40
    Literal       go to state 41
    IdentExp      go to state 42


state 158

   64 AssignStmt: IdentExp MUL_ASSIGN . Expression

    BNT        shift, and go to state 18
    SUB        shift, and go to state 19
    NOT        shift, and go to state 20
    IDENT      shift, and go to state 21
    INT_LIT    shift, and go to state 22
    FLOAT_LIT  shift, and go to state 23
    BOOL_LIT   shift, and go to state 24
    STR_LIT    shift, and go to state 25
    '('        shift, and go to state 26

    Expression    go to state 178
    ExpHierarchy  go to state 28
    LORExp        go to state 29
    LANExp        go to state 30
    BORExp        go to state 31
    BXOExp        go to state 32
    BANExp        go to state 33
    EQUExp        go to state 34
    CompareExp    go to state 35
    ShiftExp      go to state 36
    AddSubExp     go to state 37
    MulExp        go to state 38
    UnaryExp      go to state 39
    FuncCallStmt  go to state 40
    Literal       go to state 41
    IdentExp      go to state 42


state 159

   65 AssignStmt: IdentExp DIV_ASSIGN . Expression

    BNT        shift, and go to state 18
    SUB        shift, and go to state 19
    NOT        shift, and go to state 20
    IDENT      shift, and go to state 21
    INT_LIT    shift, and go to state 22
    FLOAT_LIT  shift, and go to state 23
    BOOL_LIT   shift, and go to state 24
    STR_LIT    shift, and go to state 25
    '('        shift, and go to state 26

    Expression    go to state 179
    ExpHierarchy  go to state 28
    LORExp        go to state 29
    LANExp        go to state 30
    BORExp        go to state 31
    BXOExp        go to state 32
    BANExp        go to state 33
    EQUExp        go to state 34
    CompareExp    go to state 35
    ShiftExp      go to state 36
    AddSubExp     go to state 37
    MulExp        go to state 38
    UnaryExp      go to state 39
    FuncCallStmt  go to state 40
    Literal       go to state 41
    IdentExp      go to state 42


state 160

   66 AssignStmt: IdentExp REM_ASSIGN . Expression

    BNT        shift, and go to state 18
    SUB        shift, and go to state 19
    NOT        shift, and go to state 20
    IDENT      shift, and go to state 21
    INT_LIT    shift, and go to state 22
    FLOAT_LIT  shift, and go to state 23
    BOOL_LIT   shift, and go to state 24
    STR_LIT    shift, and go to state 25
    '('        shift, and go to state 26

    Expression    go to state 180
    ExpHierarchy  go to state 28
    LORExp        go to state 29
    LANExp        go to state 30
    BORExp        go to state 31
    BXOExp        go to state 32
    BANExp        go to state 33
    EQUExp        go to state 34
    CompareExp    go to state 35
    ShiftExp      go to state 36
    AddSubExp     go to state 37
    MulExp        go to state 38
    UnaryExp      go to state 39
    FuncCallStmt  go to state 40
    Literal       go to state 41
    IdentExp      go to state 42


state 161

   69 AssignStmt: IdentExp BAN_ASSIGN . Expression

    BNT        shift, and go to state 18
    SUB        shift, and go to state 19
    NOT        shift, and go to state 20
    IDENT      shift, and go to state 21
    INT_LIT    shift, and go to state 22
    FLOAT_LIT  shift, and go to state 23
    BOOL_LIT   shift, and go to state 24
    STR_LIT    shift, and go to state 25
    '('        shift, and go to state 26

    Expression    go to state 181
    ExpHierarchy  go to state 28
    LORExp        go to state 29
    LANExp        go to state 30
    BORExp        go to state 31
    BXOExp        go to state 32
    BANExp        go to state 33
    EQUExp        go to state 34
    CompareExp    go to state 35
    ShiftExp      go to state 36
    AddSubExp     go to state 37
    MulExp        go to state 38
    UnaryExp      go to state 39
    FuncCallStmt  go to state 40
    Literal       go to state 41
    IdentExp      go to state 42


state 162

   70 AssignStmt: IdentExp BOR_ASSIGN . Expression

    BNT        shift, and go to state 18
    SUB        shift, and go to state 19
    NOT        shift, and go to state 20
    IDENT      shift, and go to state 21
    INT_LIT    shift, and go to state 22
    FLOAT_LIT  shift, and go to state 23
    BOOL_LIT   shift, and go to state 24
    STR_LIT    shift, and go to state 25
    '('        shift, and go to state 26

    Expression    go to state 182
    ExpHierarchy  go to state 28
    LORExp        go to state 29
    LANExp        go to state 30
    BORExp        go to state 31
    BXOExp        go to state 32
    BANExp        go to state 33
    EQUExp        go to state 34
    CompareExp    go to state 35
    ShiftExp      go to state 36
    AddSubExp     go to state 37
    MulExp        go to state 38
    UnaryExp      go to state 39
    FuncCallStmt  go to state 40
    Literal       go to state 41
    IdentExp      go to state 42


state 163

   71 AssignStmt: IdentExp BXO_ASSIGN . Expression

    BNT        shift, and go to state 18
    SUB        shift, and go to state 19
    NOT        shift, and go to state 20
    IDENT      shift, and go to state 21
    INT_LIT    shift, and go to state 22
    FLOAT_LIT  shift, and go to state 23
    BOOL_LIT   shift, and go to state 24
    STR_LIT    shift, and go to state 25
    '('        shift, and go to state 26

    Expression    go to state 183
    ExpHierarchy  go to state 28
    LORExp        go to state 29
    LANExp        go to state 30
    BORExp        go to state 31
    BXOExp        go to state 32
    BANExp        go to state 33
    EQUExp        go to state 34
    CompareExp    go to state 35
    ShiftExp      go to state 36
    AddSubExp     go to state 37
    MulExp        go to state 38
    UnaryExp      go to state 39
    FuncCallStmt  go to state 40
    Literal       go to state 41
    IdentExp      go to state 42


state 164

   67 AssignStmt: IdentExp SHR_ASSIGN . Expression

    BNT        shift, and go to state 18
    SUB        shift, and go to state 19
    NOT        shift, and go to state 20
    IDENT      shift, and go to state 21
    INT_LIT    shift, and go to state 22
    FLOAT_LIT  shift, and go to state 23
    BOOL_LIT   shift, and go to state 24
    STR_LIT    shift, and go to state 25
    '('        shift, and go to state 26

    Expression    go to state 184
    ExpHierarchy  go to state 28
    LORExp        go to state 29
    LANExp        go to state 30
    BORExp        go to state 31
    BXOExp        go to state 32
    BANExp        go to state 33
    EQUExp        go to state 34
    CompareExp    go to state 35
    ShiftExp      go to state 36
    AddSubExp     go to state 37
    MulExp        go to state 38
    UnaryExp      go to state 39
    FuncCallStmt  go to state 40
    Literal       go to state 41
    IdentExp      go to state 42


state 165

   68 AssignStmt: IdentExp SHL_ASSIGN . Expression

    BNT        shift, and go to state 18
    SUB        shift, and go to state 19
    NOT        shift, and go to state 20
    IDENT      shift, and go to state 21
    INT_LIT    shift, and go to state 22
    FLOAT_LIT  shift, and go to state 23
    BOOL_LIT   shift, and go to state 24
    STR_LIT    shift, and go to state 25
    '('        shift, and go to state 26

    Expression    go to state 185
    ExpHierarchy  go to state 28
    LORExp        go to state 29
    LANExp        go to state 30
    BORExp        go to state 31
    BXOExp        go to state 32
    BANExp        go to state 33
    EQUExp        go to state 34
    CompareExp    go to state 35
    ShiftExp      go to state 36
    AddSubExp     go to state 37
    MulExp        go to state 38
    UnaryExp      go to state 39
    FuncCallStmt  go to state 40
    Literal       go to state 41
    IdentExp      go to state 42


state 166

   72 AssignStmt: IdentExp INC_ASSIGN .

    $default  reduce using rule 72 (AssignStmt)


state 167

   73 AssignStmt: IdentExp DEC_ASSIGN .

    $default  reduce using rule 73 (AssignStmt)


state 168

   40 CoutParmListStmt: SHL Expression .

    $default  reduce using rule 40 (CoutParmListStmt)


state 169

   39 CoutParmListStmt: CoutParmListStmt SHL . Expression

    BNT        shift, and go to state 18
    SUB        shift, and go to state 19
    NOT        shift, and go to state 20
    IDENT      shift, and go to state 21
    INT_LIT    shift, and go to state 22
    FLOAT_LIT  shift, and go to state 23
    BOOL_LIT   shift, and go to state 24
    STR_LIT    shift, and go to state 25
    '('        shift, and go to state 26

    Expression    go to state 186
    ExpHierarchy  go to state 28
    LORExp        go to state 29
    LANExp        go to state 30
    BORExp        go to state 31
    BXOExp        go to state 32
    BANExp        go to state 33
    EQUExp        go to state 34
    CompareExp    go to state 35
    ShiftExp      go to state 36
    AddSubExp     go to state 37
    MulExp        go to state 38
    UnaryExp      go to state 39
    FuncCallStmt  go to state 40
    Literal       go to state 41
    IdentExp      go to state 42


state 170

   28 Stmt: COUT CoutParmListStmt ';' .

    $default  reduce using rule 28 (Stmt)


state 171

   43 IfStmt: IF '(' Expression . ')' @5 '{' StmtList '}' @6 ElseStmt
   45       | IF '(' Expression . ')' @7 Stmt

    ')'  shift, and go to state 187


state 172

   50 ForStmt: FOR @9 '(' . ForInitStmt ')' '{' StmtList '}'

    VARIABLE_T  shift, and go to state 128
    IDENT       shift, and go to state 43

    $default  reduce using rule 55 (ForCondStmt)

    DefineVariableStmt  go to state 188
    ForInitStmt         go to state 189
    ForCondStmt         go to state 190
    AssignStmt          go to state 191
    IdentExp            go to state 138


state 173

   60 WhileStmt: WHILE @10 '(' . Expression ')' @11 '{' StmtList '}'

    BNT        shift, and go to state 18
    SUB        shift, and go to state 19
    NOT        shift, and go to state 20
    IDENT      shift, and go to state 21
    INT_LIT    shift, and go to state 22
    FLOAT_LIT  shift, and go to state 23
    BOOL_LIT   shift, and go to state 24
    STR_LIT    shift, and go to state 25
    '('        shift, and go to state 26

    Expression    go to state 192
    ExpHierarchy  go to state 28
    LORExp        go to state 29
    LANExp        go to state 30
    BORExp        go to state 31
    BXOExp        go to state 32
    BANExp        go to state 33
    EQUExp        go to state 34
    CompareExp    go to state 35
    ShiftExp      go to state 36
    AddSubExp     go to state 37
    MulExp        go to state 38
    UnaryExp      go to state 39
    FuncCallStmt  go to state 40
    Literal       go to state 41
    IdentExp      go to state 42


state 174

   29 Stmt: RETURN Expression ';' .

    $default  reduce using rule 29 (Stmt)


state 175

   61 AssignStmt: IdentExp VAL_ASSIGN Expression .

    $default  reduce using rule 61 (AssignStmt)


state 176

   62 AssignStmt: IdentExp ADD_ASSIGN Expression .

    $default  reduce using rule 62 (AssignStmt)


state 177

   63 AssignStmt: IdentExp SUB_ASSIGN Expression .

    $default  reduce using rule 63 (AssignStmt)


state 178

   64 AssignStmt: IdentExp MUL_ASSIGN Expression .

    $default  reduce using rule 64 (AssignStmt)


state 179

   65 AssignStmt: IdentExp DIV_ASSIGN Expression .

    $default  reduce using rule 65 (AssignStmt)


state 180

   66 AssignStmt: IdentExp REM_ASSIGN Expression .

    $default  reduce using rule 66 (AssignStmt)


state 181

   69 AssignStmt: IdentExp BAN_ASSIGN Expression .

    $default  reduce using rule 69 (AssignStmt)


state 182

   70 AssignStmt: IdentExp BOR_ASSIGN Expression .

    $default  reduce using rule 70 (AssignStmt)


state 183

   71 AssignStmt: IdentExp BXO_ASSIGN Expression .

    $default  reduce using rule 71 (AssignStmt)


state 184

   67 AssignStmt: IdentExp SHR_ASSIGN Expression .

    $default  reduce using rule 67 (AssignStmt)


state 185

   68 AssignStmt: IdentExp SHL_ASSIGN Expression .

    $default  reduce using rule 68 (AssignStmt)


state 186

   39 CoutParmListStmt: CoutParmListStmt SHL Expression .

    $default  reduce using rule 39 (CoutParmListStmt)


state 187

   43 IfStmt: IF '(' Expression ')' . @5 '{' StmtList '}' @6 ElseStmt
   45       | IF '(' Expression ')' . @7 Stmt

    '{'       reduce using rule 41 (@5)
    $default  reduce using rule 44 (@7)

    @5  go to state 193
    @7  go to state 194


state 188

   51 ForInitStmt: DefineVariableStmt . ':' Expression
   53 ForCondStmt: DefineVariableStmt .

    ':'  shift, and go to state 195

    $default  reduce using rule 53 (ForCondStmt)


state 189

   50 ForStmt: FOR @9 '(' ForInitStmt . ')' '{' StmtList '}'

    ')'  shift, and go to state 196


state 190

   52 ForInitStmt: ForCondStmt . ';' Expression ';' ForUpdateStmt

    ';'  shift, and go to state 197


state 191

   54 ForCondStmt: AssignStmt .

    $default  reduce using rule 54 (ForCondStmt)


state 192

   60 WhileStmt: WHILE @10 '(' Expression . ')' @11 '{' StmtList '}'

    ')'  shift, and go to state 198


state 193

   43 IfStmt: IF '(' Expression ')' @5 . '{' StmtList '}' @6 ElseStmt

    '{'  shift, and go to state 199


state 194

   45 IfStmt: IF '(' Expression ')' @7 . Stmt

    COUT        shift, and go to state 121
    IF          shift, and go to state 122
    FOR         shift, and go to state 123
    WHILE       shift, and go to state 124
    RETURN      shift, and go to state 125
    BREAK       shift, and go to state 126
    CONTINUE    shift, and go to state 127
    VARIABLE_T  shift, and go to state 128
    IDENT       shift, and go to state 21
    ';'         shift, and go to state 129

    DefineVariableStmt  go to state 130
    Stmt                go to state 200
    IfStmt              go to state 133
    ForStmt             go to state 134
    WhileStmt           go to state 135
    AssignStmt          go to state 136
    FuncCallStmt        go to state 137
    IdentExp            go to state 138


state 195

   51 ForInitStmt: DefineVariableStmt ':' . Expression

    BNT        shift, and go to state 18
    SUB        shift, and go to state 19
    NOT        shift, and go to state 20
    IDENT      shift, and go to state 21
    INT_LIT    shift, and go to state 22
    FLOAT_LIT  shift, and go to state 23
    BOOL_LIT   shift, and go to state 24
    STR_LIT    shift, and go to state 25
    '('        shift, and go to state 26

    Expression    go to state 201
    ExpHierarchy  go to state 28
    LORExp        go to state 29
    LANExp        go to state 30
    BORExp        go to state 31
    BXOExp        go to state 32
    BANExp        go to state 33
    EQUExp        go to state 34
    CompareExp    go to state 35
    ShiftExp      go to state 36
    AddSubExp     go to state 37
    MulExp        go to state 38
    UnaryExp      go to state 39
    FuncCallStmt  go to state 40
    Literal       go to state 41
    IdentExp      go to state 42


state 196

   50 ForStmt: FOR @9 '(' ForInitStmt ')' . '{' StmtList '}'

    '{'  shift, and go to state 202


state 197

   52 ForInitStmt: ForCondStmt ';' . Expression ';' ForUpdateStmt

    BNT        shift, and go to state 18
    SUB        shift, and go to state 19
    NOT        shift, and go to state 20
    IDENT      shift, and go to state 21
    INT_LIT    shift, and go to state 22
    FLOAT_LIT  shift, and go to state 23
    BOOL_LIT   shift, and go to state 24
    STR_LIT    shift, and go to state 25
    '('        shift, and go to state 26

    Expression    go to state 203
    ExpHierarchy  go to state 28
    LORExp        go to state 29
    LANExp        go to state 30
    BORExp        go to state 31
    BXOExp        go to state 32
    BANExp        go to state 33
    EQUExp        go to state 34
    CompareExp    go to state 35
    ShiftExp      go to state 36
    AddSubExp     go to state 37
    MulExp        go to state 38
    UnaryExp      go to state 39
    FuncCallStmt  go to state 40
    Literal       go to state 41
    IdentExp      go to state 42


state 198

   60 WhileStmt: WHILE @10 '(' Expression ')' . @11 '{' StmtList '}'

    $default  reduce using rule 59 (@11)

    @11  go to state 204


state 199

   43 IfStmt: IF '(' Expression ')' @5 '{' . StmtList '}' @6 ElseStmt

    COUT        shift, and go to state 121
    IF          shift, and go to state 122
    FOR         shift, and go to state 123
    WHILE       shift, and go to state 124
    RETURN      shift, and go to state 125
    BREAK       shift, and go to state 126
    CONTINUE    shift, and go to state 127
    VARIABLE_T  shift, and go to state 128
    IDENT       shift, and go to state 21
    ';'         shift, and go to state 129

    DefineVariableStmt  go to state 130
    StmtList            go to state 205
    Stmt                go to state 132
    IfStmt              go to state 133
    ForStmt             go to state 134
    WhileStmt           go to state 135
    AssignStmt          go to state 136
    FuncCallStmt        go to state 137
    IdentExp            go to state 138


state 200

   45 IfStmt: IF '(' Expression ')' @7 Stmt .

    $default  reduce using rule 45 (IfStmt)


state 201

   51 ForInitStmt: DefineVariableStmt ':' Expression .

    $default  reduce using rule 51 (ForInitStmt)


state 202

   50 ForStmt: FOR @9 '(' ForInitStmt ')' '{' . StmtList '}'

    COUT        shift, and go to state 121
    IF          shift, and go to state 122
    FOR         shift, and go to state 123
    WHILE       shift, and go to state 124
    RETURN      shift, and go to state 125
    BREAK       shift, and go to state 126
    CONTINUE    shift, and go to state 127
    VARIABLE_T  shift, and go to state 128
    IDENT       shift, and go to state 21
    ';'         shift, and go to state 129

    DefineVariableStmt  go to state 130
    StmtList            go to state 206
    Stmt                go to state 132
    IfStmt              go to state 133
    ForStmt             go to state 134
    WhileStmt           go to state 135
    AssignStmt          go to state 136
    FuncCallStmt        go to state 137
    IdentExp            go to state 138


state 203

   52 ForInitStmt: ForCondStmt ';' Expression . ';' ForUpdateStmt

    ';'  shift, and go to state 207


state 204

   60 WhileStmt: WHILE @10 '(' Expression ')' @11 . '{' StmtList '}'

    '{'  shift, and go to state 208


state 205

   25 StmtList: StmtList . Stmt
   43 IfStmt: IF '(' Expression ')' @5 '{' StmtList . '}' @6 ElseStmt

    COUT        shift, and go to state 121
    IF          shift, and go to state 122
    FOR         shift, and go to state 123
    WHILE       shift, and go to state 124
    RETURN      shift, and go to state 125
    BREAK       shift, and go to state 126
    CONTINUE    shift, and go to state 127
    VARIABLE_T  shift, and go to state 128
    IDENT       shift, and go to state 21
    ';'         shift, and go to state 129
    '}'         shift, and go to state 209

    DefineVariableStmt  go to state 130
    Stmt                go to state 152
    IfStmt              go to state 133
    ForStmt             go to state 134
    WhileStmt           go to state 135
    AssignStmt          go to state 136
    FuncCallStmt        go to state 137
    IdentExp            go to state 138


state 206

   25 StmtList: StmtList . Stmt
   50 ForStmt: FOR @9 '(' ForInitStmt ')' '{' StmtList . '}'

    COUT        shift, and go to state 121
    IF          shift, and go to state 122
    FOR         shift, and go to state 123
    WHILE       shift, and go to state 124
    RETURN      shift, and go to state 125
    BREAK       shift, and go to state 126
    CONTINUE    shift, and go to state 127
    VARIABLE_T  shift, and go to state 128
    IDENT       shift, and go to state 21
    ';'         shift, and go to state 129
    '}'         shift, and go to state 210

    DefineVariableStmt  go to state 130
    Stmt                go to state 152
    IfStmt              go to state 133
    ForStmt             go to state 134
    WhileStmt           go to state 135
    AssignStmt          go to state 136
    FuncCallStmt        go to state 137
    IdentExp            go to state 138


state 207

   52 ForInitStmt: ForCondStmt ';' Expression ';' . ForUpdateStmt

    IDENT  shift, and go to state 43

    $default  reduce using rule 57 (ForUpdateStmt)

    ForUpdateStmt  go to state 211
    AssignStmt     go to state 212
    IdentExp       go to state 138


state 208

   60 WhileStmt: WHILE @10 '(' Expression ')' @11 '{' . StmtList '}'

    COUT        shift, and go to state 121
    IF          shift, and go to state 122
    FOR         shift, and go to state 123
    WHILE       shift, and go to state 124
    RETURN      shift, and go to state 125
    BREAK       shift, and go to state 126
    CONTINUE    shift, and go to state 127
    VARIABLE_T  shift, and go to state 128
    IDENT       shift, and go to state 21
    ';'         shift, and go to state 129

    DefineVariableStmt  go to state 130
    StmtList            go to state 213
    Stmt                go to state 132
    IfStmt              go to state 133
    ForStmt             go to state 134
    WhileStmt           go to state 135
    AssignStmt          go to state 136
    FuncCallStmt        go to state 137
    IdentExp            go to state 138


state 209

   43 IfStmt: IF '(' Expression ')' @5 '{' StmtList '}' . @6 ElseStmt

    $default  reduce using rule 42 (@6)

    @6  go to state 214


state 210

   50 ForStmt: FOR @9 '(' ForInitStmt ')' '{' StmtList '}' .

    $default  reduce using rule 50 (ForStmt)


state 211

   52 ForInitStmt: ForCondStmt ';' Expression ';' ForUpdateStmt .

    $default  reduce using rule 52 (ForInitStmt)


state 212

   56 ForUpdateStmt: AssignStmt .

    $default  reduce using rule 56 (ForUpdateStmt)


state 213

   25 StmtList: StmtList . Stmt
   60 WhileStmt: WHILE @10 '(' Expression ')' @11 '{' StmtList . '}'

    COUT        shift, and go to state 121
    IF          shift, and go to state 122
    FOR         shift, and go to state 123
    WHILE       shift, and go to state 124
    RETURN      shift, and go to state 125
    BREAK       shift, and go to state 126
    CONTINUE    shift, and go to state 127
    VARIABLE_T  shift, and go to state 128
    IDENT       shift, and go to state 21
    ';'         shift, and go to state 129
    '}'         shift, and go to state 215

    DefineVariableStmt  go to state 130
    Stmt                go to state 152
    IfStmt              go to state 133
    ForStmt             go to state 134
    WhileStmt           go to state 135
    AssignStmt          go to state 136
    FuncCallStmt        go to state 137
    IdentExp            go to state 138


state 214

   43 IfStmt: IF '(' Expression ')' @5 '{' StmtList '}' @6 . ElseStmt

    ELSE  shift, and go to state 216

    $default  reduce using rule 48 (ElseStmt)

    ElseStmt  go to state 217


state 215

   60 WhileStmt: WHILE @10 '(' Expression ')' @11 '{' StmtList '}' .

    $default  reduce using rule 60 (WhileStmt)


state 216

   47 ElseStmt: ELSE . @8 '{' StmtList '}'

    $default  reduce using rule 46 (@8)

    @8  go to state 218


state 217

   43 IfStmt: IF '(' Expression ')' @5 '{' StmtList '}' @6 ElseStmt .

    $default  reduce using rule 43 (IfStmt)


state 218

   47 ElseStmt: ELSE @8 . '{' StmtList '}'

    '{'  shift, and go to state 219


state 219

   47 ElseStmt: ELSE @8 '{' . StmtList '}'

    COUT        shift, and go to state 121
    IF          shift, and go to state 122
    FOR         shift, and go to state 123
    WHILE       shift, and go to state 124
    RETURN      shift, and go to state 125
    BREAK       shift, and go to state 126
    CONTINUE    shift, and go to state 127
    VARIABLE_T  shift, and go to state 128
    IDENT       shift, and go to state 21
    ';'         shift, and go to state 129

    DefineVariableStmt  go to state 130
    StmtList            go to state 220
    Stmt                go to state 132
    IfStmt              go to state 133
    ForStmt             go to state 134
    WhileStmt           go to state 135
    AssignStmt          go to state 136
    FuncCallStmt        go to state 137
    IdentExp            go to state 138


state 220

   25 StmtList: StmtList . Stmt
   47 ElseStmt: ELSE @8 '{' StmtList . '}'

    COUT        shift, and go to state 121
    IF          shift, and go to state 122
    FOR         shift, and go to state 123
    WHILE       shift, and go to state 124
    RETURN      shift, and go to state 125
    BREAK       shift, and go to state 126
    CONTINUE    shift, and go to state 127
    VARIABLE_T  shift, and go to state 128
    IDENT       shift, and go to state 21
    ';'         shift, and go to state 129
    '}'         shift, and go to state 221

    DefineVariableStmt  go to state 130
    Stmt                go to state 152
    IfStmt              go to state 133
    ForStmt             go to state 134
    WhileStmt           go to state 135
    AssignStmt          go to state 136
    FuncCallStmt        go to state 137
    IdentExp            go to state 138


state 221

   47 ElseStmt: ELSE @8 '{' StmtList '}' .

    $default  reduce using rule 47 (ElseStmt)
